<?xml version="1.0" encoding="UTF-8"?>
<!-- Generated by org.testng.reporters.JUnitXMLReporter -->
<testsuite ignored="1" hostname="DESKTOP-175K8UN" failures="0" tests="2" name="LoginTest" time="23.554" errors="0" timestamp="02 Sep 2023 10:59:41 GMT">
  <testcase classname="com.UD.TestCases.VerifyLogin" name="verifyLogin" time="0.842"/>
  <testcase classname="com.UD.TestCases.VerifyAddCandidate" name="verifyAddCandidate" time="22.635"/>
  <testcase classname="com.UD.TestCases.Testbase" name="@AfterSuite tearDown" time="0.0">
    <ignored/>
  </testcase> <!-- @AfterSuite tearDown -->
</testsuite> <!-- LoginTest -->
